<?xml version="1.0" encoding="UTF-8"?>
<testng-results skipped="0" failed="1" total="1" passed="0">
  <reporter-output>
  </reporter-output>
  <suite name="Surefire suite" duration-ms="23142" started-at="2016-04-28T13:15:25Z" finished-at="2016-04-28T13:15:48Z">
    <groups>
    </groups>
    <test name="Surefire test" duration-ms="23142" started-at="2016-04-28T13:15:25Z" finished-at="2016-04-28T13:15:48Z">
      <class name="org.testtask.app.GmailTest">
        <test-method status="FAIL" signature="verifyGmailAuthorization()[pri:0, instance:org.testtask.app.GmailTest@2fdb81]" name="verifyGmailAuthorization" duration-ms="23054" started-at="2016-04-28T16:15:25Z" finished-at="2016-04-28T16:15:48Z">
          <exception class="com.codeborne.selenide.ex.ElementNotFound">
            <message>
              <![CDATA[Element not found {#Passwd}
Expected: visible]]>
            </message>
            <full-stacktrace>
              <![CDATA[Element not found {#Passwd}
Expected: visible
Screenshot: file:/D:/testtask/build/reports/tests/1461849348174.0.png
Timeout: 10 s.
Caused by: NoSuchElementException: Unable to locate element: {"method":"css selector","selector":"#Passwd"}
	at com.codeborne.selenide.impl.WebElementSource.createElementNotFoundError(WebElementSource.java:31)
	at com.codeborne.selenide.impl.ElementFinder.createElementNotFoundError(ElementFinder.java:82)
	at com.codeborne.selenide.impl.WebElementSource.checkCondition(WebElementSource.java:59)
	at com.codeborne.selenide.impl.WebElementSource.findAndAssertElementIsVisible(WebElementSource.java:72)
	at com.codeborne.selenide.commands.SetValue.execute(SetValue.java:20)
	at com.codeborne.selenide.commands.Val.execute(Val.java:17)
	at com.codeborne.selenide.commands.Commands.execute(Commands.java:136)
	at com.codeborne.selenide.impl.SelenideElementProxy.dispatchAndRetry(SelenideElementProxy.java:82)
	at com.codeborne.selenide.impl.SelenideElementProxy.invoke(SelenideElementProxy.java:58)
	at com.sun.proxy.$Proxy2.val(Unknown Source)
	at org.testtask.app.GmailTest.login(GmailTest.java:38)
	at org.testtask.app.GmailTest.verifyGmailAuthorization(GmailTest.java:29)
	at sun.reflect.NativeMethodAccessorImpl.invoke0(Native Method)
	at sun.reflect.NativeMethodAccessorImpl.invoke(NativeMethodAccessorImpl.java:62)
	at sun.reflect.DelegatingMethodAccessorImpl.invoke(DelegatingMethodAccessorImpl.java:43)
	at java.lang.reflect.Method.invoke(Method.java:497)
	at org.testng.internal.MethodInvocationHelper.invokeMethod(MethodInvocationHelper.java:85)
	at org.testng.internal.Invoker.invokeMethod(Invoker.java:639)
	at org.testng.internal.Invoker.invokeTestMethod(Invoker.java:816)
	at org.testng.internal.Invoker.invokeTestMethods(Invoker.java:1124)
	at org.testng.internal.TestMethodWorker.invokeTestMethods(TestMethodWorker.java:125)
	at org.testng.internal.TestMethodWorker.run(TestMethodWorker.java:108)
	at org.testng.TestRunner.privateRun(TestRunner.java:774)
	at org.testng.TestRunner.run(TestRunner.java:624)
	at org.testng.SuiteRunner.runTest(SuiteRunner.java:359)
	at org.testng.SuiteRunner.runSequentially(SuiteRunner.java:354)
	at org.testng.SuiteRunner.privateRun(SuiteRunner.java:312)
	at org.testng.SuiteRunner.run(SuiteRunner.java:261)
	at org.testng.SuiteRunnerWorker.runSuite(SuiteRunnerWorker.java:52)
	at org.testng.SuiteRunnerWorker.run(SuiteRunnerWorker.java:86)
	at org.testng.TestNG.runSuitesSequentially(TestNG.java:1191)
	at org.testng.TestNG.runSuitesLocally(TestNG.java:1116)
	at org.testng.TestNG.run(TestNG.java:1024)
	at org.apache.maven.surefire.testng.TestNGExecutor.run(TestNGExecutor.java:132)
	at org.apache.maven.surefire.testng.TestNGDirectoryTestSuite.executeSingleClass(TestNGDirectoryTestSuite.java:112)
	at org.apache.maven.surefire.testng.TestNGDirectoryTestSuite.execute(TestNGDirectoryTestSuite.java:99)
	at org.apache.maven.surefire.testng.TestNGProvider.invoke(TestNGProvider.java:147)
	at org.apache.maven.surefire.booter.ForkedBooter.invokeProviderInSameClassLoader(ForkedBooter.java:290)
	at org.apache.maven.surefire.booter.ForkedBooter.runSuitesInProcess(ForkedBooter.java:242)
	at org.apache.maven.surefire.booter.ForkedBooter.main(ForkedBooter.java:121)
Caused by: org.openqa.selenium.NoSuchElementException: Unable to locate element: {"method":"css selector","selector":"#Passwd"}
Command duration or timeout: 25 milliseconds
For documentation on this error, please visit: http://seleniumhq.org/exceptions/no_such_element.html
Build info: version: '2.53.0', revision: '35ae25b1534ae328c771e0856c93e187490ca824', time: '2016-03-15 10:43:46'
System info: host: 'HRK1-LHP-F49193', ip: '172.28.135.60', os.name: 'Windows 7', os.arch: 'x86', os.version: '6.1', java.version: '1.8.0_51'
Driver info: org.openqa.selenium.firefox.FirefoxDriver
Capabilities [{applicationCacheEnabled=true, rotatable=false, pageLoadStrategy=none, handlesAlerts=true, databaseEnabled=true, version=46.0, platform=WINDOWS, nativeEvents=false, acceptSslCerts=true, webStorageEnabled=true, locationContextEnabled=true, browserName=firefox, takesScreenshot=true, javascriptEnabled=true, pageLoadingStrategy=none, cssSelectorsEnabled=true}]
Session ID: 3aa29e6f-6a43-45f6-96c1-36865d268224
*** Element info: {Using=css selector, value=#Passwd}
	at sun.reflect.GeneratedConstructorAccessor9.newInstance(Unknown Source)
	at sun.reflect.DelegatingConstructorAccessorImpl.newInstance(DelegatingConstructorAccessorImpl.java:45)
	at java.lang.reflect.Constructor.newInstance(Constructor.java:422)
	at org.openqa.selenium.remote.ErrorHandler.createThrowable(ErrorHandler.java:206)
	at org.openqa.selenium.remote.ErrorHandler.throwIfResponseFailed(ErrorHandler.java:158)
	at org.openqa.selenium.remote.RemoteWebDriver.execute(RemoteWebDriver.java:678)
	at org.openqa.selenium.remote.RemoteWebDriver.findElement(RemoteWebDriver.java:363)
	at org.openqa.selenium.remote.RemoteWebDriver.findElementByCssSelector(RemoteWebDriver.java:492)
	at org.openqa.selenium.By$ByCssSelector.findElement(By.java:430)
	at org.openqa.selenium.remote.RemoteWebDriver.findElement(RemoteWebDriver.java:355)
	at com.codeborne.selenide.impl.WebElementSelector.findElement(WebElementSelector.java:28)
	at com.codeborne.selenide.impl.ElementFinder.getWebElement(ElementFinder.java:56)
	at com.codeborne.selenide.impl.WebElementSource.checkCondition(WebElementSource.java:44)
	... 37 more
Caused by: org.openqa.selenium.NoSuchElementException: Unable to locate element: {"method":"css selector","selector":"#Passwd"}
For documentation on this error, please visit: http://seleniumhq.org/exceptions/no_such_element.html
Build info: version: '2.53.0', revision: '35ae25b1534ae328c771e0856c93e187490ca824', time: '2016-03-15 10:43:46'
System info: host: 'HRK1-LHP-F49193', ip: '172.28.135.60', os.name: 'Windows 7', os.arch: 'x86', os.version: '6.1', java.version: '1.8.0_51'
Driver info: driver.version: unknown
	at <anonymous class>.FirefoxDriver.prototype.findElementInternal_(file:///C:/Users/ANDRII~1.RAC/AppData/Local/Temp/anonymous6264135784697838751webdriver-profile/extensions/fxdriver@googlecode.com/components/driver-component.js:10770)
	at <anonymous class>.FirefoxDriver.prototype.findElement(file:///C:/Users/ANDRII~1.RAC/AppData/Local/Temp/anonymous6264135784697838751webdriver-profile/extensions/fxdriver@googlecode.com/components/driver-component.js:10779)
	at <anonymous class>.DelayedCommand.prototype.executeInternal_/h(file:///C:/Users/ANDRII~1.RAC/AppData/Local/Temp/anonymous6264135784697838751webdriver-profile/extensions/fxdriver@googlecode.com/components/command-processor.js:12661)
	at <anonymous class>.DelayedCommand.prototype.executeInternal_(file:///C:/Users/ANDRII~1.RAC/AppData/Local/Temp/anonymous6264135784697838751webdriver-profile/extensions/fxdriver@googlecode.com/components/command-processor.js:12666)
	at <anonymous class>.DelayedCommand.prototype.execute/<(file:///C:/Users/ANDRII~1.RAC/AppData/Local/Temp/anonymous6264135784697838751webdriver-profile/extensions/fxdriver@googlecode.com/components/command-processor.js:12608)
]]>
            </full-stacktrace>
          </exception> <!-- com.codeborne.selenide.ex.ElementNotFound -->
          <reporter-output>
          </reporter-output>
        </test-method> <!-- verifyGmailAuthorization -->
      </class> <!-- org.testtask.app.GmailTest -->
    </test> <!-- Surefire test -->
  </suite> <!-- Surefire suite -->
</testng-results>
